[1148:1144:0516/123435.304:WARNING:chrome_main_delegate.cc(589)] This is Chrome version 113.0.5672.93 (not a warning)
[1148:1144:0516/123435.320:WARNING:chrome_command_line_pref_store.cc(121)] Additional command-line proxy switches specified when --no-proxy-server was also specified.
[1148:1144:0516/123435.320:WARNING:chrome_command_line_pref_store.cc(121)] Additional command-line proxy switches specified when --no-proxy-server was also specified.
[1148:1144:0516/123435.401:INFO:chrome_browser_cloud_management_controller.cc(167)] Starting CBCM Controller Initialization
[1148:1144:0516/123435.401:INFO:chrome_browser_cloud_management_controller.cc(195)] No machine level policy manager exists.
[1148:1144:0516/123435.416:WARNING:chrome_command_line_pref_store.cc(121)] Additional command-line proxy switches specified when --no-proxy-server was also specified.
[1148:1144:0516/123439.023:INFO:CONSOLE(0)] "Refused to execute script from 'https://www.makemytrip.com/685.bundle.js/' because its MIME type ('text/html') is not executable, and strict MIME type checking is enabled.", source: https://www.makemytrip.com/ (0)
[1148:1144:0516/123439.569:INFO:CONSOLE(1)] "A preload for 'https://jsak.mmtcdn.com/adTech_v1.0/adScript/build/version-mmt.min.js' is found, but is not used because the request credentials mode does not match. Consider taking a look at crossorigin attribute.", source: https://jsak.mmtcdn.com/pwa_v3/pwa_commons/js/9608.b6419294201dab8dd444.js (1)
[1148:1144:0516/123439.761:INFO:CONSOLE(1506)] "[object HTMLAnchorElement]", source:  (1506)
[1148:1144:0516/123439.917:INFO:CONSOLE(1506)] "[object HTMLAnchorElement]", source:  (1506)
[1148:1144:0516/123440.114:INFO:CONSOLE(1506)] "[object HTMLAnchorElement]", source:  (1506)
[1148:1144:0516/123440.292:INFO:CONSOLE(1506)] "[object HTMLAnchorElement]", source:  (1506)
[1148:1144:0516/123440.401:INFO:CONSOLE(5)] "wrapper [object Object]", source: https://wsdk-files.webengage.com/webengage/311c47d7/i2l1l04.js?r=1542012716000 (5)
[1148:1144:0516/123440.492:INFO:CONSOLE(1506)] "[object HTMLAnchorElement]", source:  (1506)
[1148:1144:0516/123440.678:INFO:CONSOLE(1506)] "[object HTMLAnchorElement]", source:  (1506)
[1148:1144:0516/123440.800:INFO:CONSOLE(1506)] "[object HTMLAnchorElement]", source:  (1506)
[1148:1144:0516/123440.935:INFO:CONSOLE(1506)] "[object HTMLAnchorElement]", source:  (1506)
[1148:1144:0516/123441.062:INFO:CONSOLE(1506)] "[object HTMLAnchorElement]", source:  (1506)
[1148:1144:0516/123441.184:INFO:CONSOLE(1506)] "[object HTMLAnchorElement]", source:  (1506)
[1148:1144:0516/123441.557:INFO:CONSOLE(1506)] "[object HTMLAnchorElement]", source:  (1506)
[1148:1144:0516/123441.599:INFO:CONSOLE(1506)] "[object HTMLAnchorElement]", source:  (1506)
[1148:1144:0516/123441.686:INFO:CONSOLE(1506)] "[object HTMLAnchorElement]", source:  (1506)
[1148:1144:0516/123441.736:INFO:CONSOLE(1506)] "[object HTMLAnchorElement]", source:  (1506)
[1148:1144:0516/123441.787:INFO:CONSOLE(1506)] "[object HTMLAnchorElement]", source:  (1506)
[1148:1144:0516/123441.867:INFO:CONSOLE(1506)] "[object HTMLAnchorElement]", source:  (1506)
[1148:1144:0516/123441.906:INFO:CONSOLE(1506)] "[object HTMLAnchorElement]", source:  (1506)
[1148:1144:0516/123441.962:INFO:CONSOLE(1506)] "[object HTMLAnchorElement]", source:  (1506)
[1148:1144:0516/123442.018:INFO:CONSOLE(1506)] "[object HTMLAnchorElement]", source:  (1506)
[1148:1144:0516/123442.066:INFO:CONSOLE(1506)] "[object HTMLAnchorElement]", source:  (1506)
[1148:1144:0516/123442.873:INFO:CONSOLE(0)] "Access to fetch at 'https://www.googleadservices.com/pagead/conversion.js' from origin 'https://www.makemytrip.com' has been blocked by CORS policy: No 'Access-Control-Allow-Origin' header is present on the requested resource. If an opaque response serves your needs, set the request's mode to 'no-cors' to fetch the resource with CORS disabled.", source:  (0)
[1148:1144:0516/123442.895:INFO:CONSOLE(4)] "Uncaught (in promise) TypeError: Failed to fetch", source: https://www.makemytrip.com/flight/sw-dk.js?h=1599482761838 (4)
[1148:1144:0516/123443.066:INFO:CONSOLE(2)] "[object Object] commonOmniData XX", source: https://jsak.mmtcdn.com/charters-flights/assets/js/search.desktop.d7ea947f.chunk.js (2)
[1148:1144:0516/123443.115:INFO:CONSOLE(2)] "[object Object] commonOmniData XX", source: https://jsak.mmtcdn.com/charters-flights/assets/js/search.desktop.d7ea947f.chunk.js (2)
[1148:1144:0516/123443.381:INFO:CONSOLE(0)] "Manifest: property 'start_url' ignored, should be same origin as document.", source: https://jsak.mmtcdn.com/flights/assets/js/manifest.json (0)
[1148:1144:0516/123443.457:INFO:CONSOLE(2)] "Error: Request failed with status code 400", source: https://cdn.ravenjs.com/3.4.0/raven.min.js (2)
[1148:1144:0516/123443.458:INFO:CONSOLE(2)] "[object Object] commonOmniData XX", source: https://cdn.ravenjs.com/3.4.0/raven.min.js (2)
[1148:1144:0516/123443.639:INFO:CONSOLE(2)] "[object HTMLParagraphElement]", source: https://cdn.ravenjs.com/3.4.0/raven.min.js (2)
[1148:1144:0516/123443.682:INFO:CONSOLE(2)] "[object HTMLParagraphElement]", source: https://cdn.ravenjs.com/3.4.0/raven.min.js (2)
[1148:1144:0516/123443.720:INFO:CONSOLE(2)] "[object HTMLParagraphElement]", source: https://cdn.ravenjs.com/3.4.0/raven.min.js (2)
[1148:1144:0516/123443.769:INFO:CONSOLE(2)] "[object HTMLParagraphElement]", source: https://cdn.ravenjs.com/3.4.0/raven.min.js (2)
[1148:1144:0516/123443.834:INFO:CONSOLE(2)] "[object HTMLParagraphElement]", source: https://cdn.ravenjs.com/3.4.0/raven.min.js (2)
[1148:1144:0516/123443.912:INFO:CONSOLE(2)] "[object HTMLParagraphElement]", source: https://cdn.ravenjs.com/3.4.0/raven.min.js (2)
[1148:1144:0516/123443.991:INFO:CONSOLE(2)] "[object HTMLParagraphElement]", source: https://cdn.ravenjs.com/3.4.0/raven.min.js (2)
[1148:1144:0516/123444.119:INFO:CONSOLE(2)] "[object HTMLParagraphElement]", source: https://cdn.ravenjs.com/3.4.0/raven.min.js (2)
[1148:1144:0516/123444.278:INFO:CONSOLE(2)] "[object HTMLParagraphElement]", source: https://cdn.ravenjs.com/3.4.0/raven.min.js (2)
[1148:1144:0516/123444.407:INFO:CONSOLE(2)] "[object HTMLParagraphElement]", source: https://cdn.ravenjs.com/3.4.0/raven.min.js (2)
[1148:1144:0516/123444.487:INFO:CONSOLE(2)] "[object HTMLParagraphElement]", source: https://cdn.ravenjs.com/3.4.0/raven.min.js (2)
[1148:1144:0516/123444.582:INFO:CONSOLE(2)] "[object HTMLParagraphElement]", source: https://cdn.ravenjs.com/3.4.0/raven.min.js (2)
[1148:1144:0516/123444.613:INFO:CONSOLE(2)] "[object HTMLParagraphElement]", source: https://cdn.ravenjs.com/3.4.0/raven.min.js (2)
[1148:1144:0516/123444.662:INFO:CONSOLE(2)] "[object HTMLParagraphElement]", source: https://cdn.ravenjs.com/3.4.0/raven.min.js (2)
[1148:1144:0516/123444.713:INFO:CONSOLE(2)] "[object HTMLParagraphElement]", source: https://cdn.ravenjs.com/3.4.0/raven.min.js (2)
[1148:1144:0516/123444.770:INFO:CONSOLE(2)] "[object HTMLParagraphElement]", source: https://cdn.ravenjs.com/3.4.0/raven.min.js (2)
[1148:1144:0516/123445.260:WARNING:pref_notifier_impl.cc(41)] Pref observer for media_router.cast_allow_all_ips found at shutdown.
